<?xml version="1.0" encoding="UTF-8"?>
<testsuite xmlns:xsi="http://www.w3.org/2001/XMLSchema-instance" xsi:noNamespaceSchemaLocation="https://maven.apache.org/surefire/maven-surefire-plugin/xsd/surefire-test-report-3.0.xsd" version="3.0" name="v2tofhir.converter.AppTest" time="0.013" tests="1" errors="0" skipped="0" failures="0">
  <properties>
    <property name="java.specification.version" value="17"/>
    <property name="sun.cpu.isalist" value="amd64"/>
    <property name="sun.jnu.encoding" value="Cp1252"/>
    <property name="java.class.path" value="L:\CodeProjects\eclipse-java-ws\converter\target\test-classes;L:\CodeProjects\eclipse-java-ws\converter\target\classes;C:\Users\lesly\.m2\repository\io\github\linuxforhealth\hl7v2-fhir-converter\1.0.10\hl7v2-fhir-converter-1.0.10.jar;C:\Users\lesly\.m2\repository\org\apache\commons\commons-math3\3.6.1\commons-math3-3.6.1.jar;C:\Users\lesly\.m2\repository\com\fasterxml\jackson\core\jackson-databind\2.10.1\jackson-databind-2.10.1.jar;C:\Users\lesly\.m2\repository\com\fasterxml\jackson\core\jackson-annotations\2.10.1\jackson-annotations-2.10.1.jar;C:\Users\lesly\.m2\repository\com\fasterxml\jackson\core\jackson-core\2.10.1\jackson-core-2.10.1.jar;C:\Users\lesly\.m2\repository\com\google\guava\guava\23.0\guava-23.0.jar;C:\Users\lesly\.m2\repository\com\google\code\findbugs\jsr305\1.3.9\jsr305-1.3.9.jar;C:\Users\lesly\.m2\repository\com\google\errorprone\error_prone_annotations\2.0.18\error_prone_annotations-2.0.18.jar;C:\Users\lesly\.m2\repository\com\google\j2objc\j2objc-annotations\1.1\j2objc-annotations-1.1.jar;C:\Users\lesly\.m2\repository\org\codehaus\mojo\animal-sniffer-annotations\1.14\animal-sniffer-annotations-1.14.jar;C:\Users\lesly\.m2\repository\commons-io\commons-io\2.6\commons-io-2.6.jar;C:\Users\lesly\.m2\repository\ca\uhn\hapi\hapi-base\2.3\hapi-base-2.3.jar;C:\Users\lesly\.m2\repository\org\slf4j\slf4j-api\1.7.10\slf4j-api-1.7.10.jar;C:\Users\lesly\.m2\repository\joda-time\joda-time\2.1\joda-time-2.1.jar;C:\Users\lesly\.m2\repository\ca\uhn\hapi\hapi-structures-v26\2.3\hapi-structures-v26-2.3.jar;C:\Users\lesly\.m2\repository\com\fasterxml\jackson\datatype\jackson-datatype-jsr310\2.10.1\jackson-datatype-jsr310-2.10.1.jar;C:\Users\lesly\.m2\repository\com\fasterxml\jackson\datatype\jackson-datatype-jdk8\2.10.1\jackson-datatype-jdk8-2.10.1.jar;C:\Users\lesly\.m2\repository\com\fasterxml\jackson\dataformat\jackson-dataformat-yaml\2.10.1\jackson-dataformat-yaml-2.10.1.jar;C:\Users\lesly\.m2\repository\org\yaml\snakeyaml\1.24\snakeyaml-1.24.jar;C:\Users\lesly\.m2\repository\org\apache\commons\commons-text\1.8\commons-text-1.8.jar;C:\Users\lesly\.m2\repository\org\apache\commons\commons-lang3\3.9\commons-lang3-3.9.jar;C:\Users\lesly\.m2\repository\ca\uhn\hapi\fhir\hapi-fhir-structures-r4\5.1.0\hapi-fhir-structures-r4-5.1.0.jar;C:\Users\lesly\.m2\repository\ca\uhn\hapi\fhir\hapi-fhir-base\5.1.0\hapi-fhir-base-5.1.0.jar;C:\Users\lesly\.m2\repository\commons-codec\commons-codec\1.12\commons-codec-1.12.jar;C:\Users\lesly\.m2\repository\org\slf4j\jcl-over-slf4j\1.7.28\jcl-over-slf4j-1.7.28.jar;C:\Users\lesly\.m2\repository\ca\uhn\hapi\fhir\org.hl7.fhir.utilities\5.1.0\org.hl7.fhir.utilities-5.1.0.jar;C:\Users\lesly\.m2\repository\ca\uhn\hapi\fhir\org.hl7.fhir.r4\5.1.0\org.hl7.fhir.r4-5.1.0.jar;C:\Users\lesly\.m2\repository\ca\uhn\hapi\fhir\hapi-fhir-structures-r5\5.1.0\hapi-fhir-structures-r5-5.1.0.jar;C:\Users\lesly\.m2\repository\ca\uhn\hapi\fhir\org.hl7.fhir.r5\5.1.0\org.hl7.fhir.r5-5.1.0.jar;C:\Users\lesly\.m2\repository\ca\uhn\hapi\fhir\hapi-fhir-validation\5.1.0\hapi-fhir-validation-5.1.0.jar;C:\Users\lesly\.m2\repository\ca\uhn\hapi\fhir\hapi-fhir-converter\5.1.0\hapi-fhir-converter-5.1.0.jar;C:\Users\lesly\.m2\repository\ca\uhn\hapi\fhir\org.hl7.fhir.convertors\5.1.0\org.hl7.fhir.convertors-5.1.0.jar;C:\Users\lesly\.m2\repository\net\sf\saxon\Saxon-HE\9.5.1-5\Saxon-HE-9.5.1-5.jar;C:\Users\lesly\.m2\repository\ca\uhn\hapi\fhir\org.hl7.fhir.validation\5.1.0\org.hl7.fhir.validation-5.1.0.jar;C:\Users\lesly\.m2\repository\ca\uhn\hapi\fhir\org.hl7.fhir.dstu2\5.1.0\org.hl7.fhir.dstu2-5.1.0.jar;C:\Users\lesly\.m2\repository\ca\uhn\hapi\fhir\org.hl7.fhir.dstu2016may\5.1.0\org.hl7.fhir.dstu2016may-5.1.0.jar;C:\Users\lesly\.m2\repository\ca\uhn\hapi\fhir\org.hl7.fhir.dstu3\5.1.0\org.hl7.fhir.dstu3-5.1.0.jar;C:\Users\lesly\.m2\repository\xpp3\xpp3\1.1.4c\xpp3-1.1.4c.jar;C:\Users\lesly\.m2\repository\xpp3\xpp3_xpath\1.1.4c\xpp3_xpath-1.1.4c.jar;C:\Users\lesly\.m2\repository\org\apache\commons\commons-compress\1.20\commons-compress-1.20.jar;C:\Users\lesly\.m2\repository\org\fhir\ucum\1.0.2\ucum-1.0.2.jar;C:\Users\lesly\.m2\repository\org\thymeleaf\thymeleaf\3.0.9.RELEASE\thymeleaf-3.0.9.RELEASE.jar;C:\Users\lesly\.m2\repository\ognl\ognl\3.1.12\ognl-3.1.12.jar;C:\Users\lesly\.m2\repository\org\javassist\javassist\3.20.0-GA\javassist-3.20.0-GA.jar;C:\Users\lesly\.m2\repository\org\attoparser\attoparser\2.0.4.RELEASE\attoparser-2.0.4.RELEASE.jar;C:\Users\lesly\.m2\repository\org\unbescape\unbescape\1.1.5.RELEASE\unbescape-1.1.5.RELEASE.jar;C:\Users\lesly\.m2\repository\com\github\ben-manes\caffeine\caffeine\2.7.0\caffeine-2.7.0.jar;C:\Users\lesly\.m2\repository\org\checkerframework\checker-qual\2.6.0\checker-qual-2.6.0.jar;C:\Users\lesly\.m2\repository\com\google\code\gson\gson\2.8.5\gson-2.8.5.jar;C:\Users\lesly\.m2\repository\org\apache\httpcomponents\httpclient\4.5.12\httpclient-4.5.12.jar;C:\Users\lesly\.m2\repository\org\apache\httpcomponents\httpcore\4.4.13\httpcore-4.4.13.jar;C:\Users\lesly\.m2\repository\ca\uhn\hapi\fhir\hapi-fhir-validation-resources-r4\5.1.0\hapi-fhir-validation-resources-r4-5.1.0.jar;C:\Users\lesly\.m2\repository\org\apache\commons\commons-jexl3\3.1\commons-jexl3-3.1.jar;C:\Users\lesly\.m2\repository\commons-logging\commons-logging\1.2\commons-logging-1.2.jar;C:\Users\lesly\.m2\repository\org\apache\commons\commons-configuration2\2.7\commons-configuration2-2.7.jar;C:\Users\lesly\.m2\repository\org\apache\commons\commons-collections4\4.4\commons-collections4-4.4.jar;C:\Users\lesly\.m2\repository\com\ibm\fhir\fhir-registry\4.9.0\fhir-registry-4.9.0.jar;C:\Users\lesly\.m2\repository\com\ibm\fhir\fhir-model\4.9.0\fhir-model-4.9.0.jar;C:\Users\lesly\.m2\repository\org\antlr\antlr4-runtime\4.9.1\antlr4-runtime-4.9.1.jar;C:\Users\lesly\.m2\repository\com\github\stephenc\jcip\jcip-annotations\1.0-1\jcip-annotations-1.0-1.jar;C:\Users\lesly\.m2\repository\org\owasp\encoder\encoder\1.2.3\encoder-1.2.3.jar;C:\Users\lesly\.m2\repository\com\ibm\fhir\fhir-core\4.9.0\fhir-core-4.9.0.jar;C:\Users\lesly\.m2\repository\org\glassfish\jakarta.json\2.0.1\jakarta.json-2.0.1.jar;C:\Users\lesly\.m2\repository\jakarta\annotation\jakarta.annotation-api\1.3.5\jakarta.annotation-api-1.3.5.jar;C:\Users\lesly\.m2\repository\com\ibm\fhir\fhir-term\4.9.0\fhir-term-4.9.0.jar;C:\Users\lesly\.m2\repository\com\ibm\fhir\fhir-cache\4.9.0\fhir-cache-4.9.0.jar;C:\Users\lesly\.m2\repository\commons-beanutils\commons-beanutils\1.9.4\commons-beanutils-1.9.4.jar;C:\Users\lesly\.m2\repository\commons-collections\commons-collections\3.2.2\commons-collections-3.2.2.jar;C:\Users\lesly\.m2\repository\junit\junit\3.8.1\junit-3.8.1.jar;C:\Users\lesly\.m2\repository\com\amazonaws\aws-lambda-java-core\1.2.1\aws-lambda-java-core-1.2.1.jar;"/>
    <property name="java.vm.vendor" value="Oracle Corporation"/>
    <property name="sun.arch.data.model" value="64"/>
    <property name="user.variant" value=""/>
    <property name="java.vendor.url" value="https://java.oracle.com/"/>
    <property name="user.timezone" value="America/Chicago"/>
    <property name="os.name" value="Windows 11"/>
    <property name="java.vm.specification.version" value="17"/>
    <property name="sun.java.launcher" value="SUN_STANDARD"/>
    <property name="user.country" value="US"/>
    <property name="sun.boot.library.path" value="C:\Program Files\Java\jdk-17\bin"/>
    <property name="sun.java.command" value="C:\Users\lesly\AppData\Local\Temp\surefire6569391616479752392\surefirebooter-20240105013637998_3.jar C:\Users\lesly\AppData\Local\Temp\surefire6569391616479752392 2024-01-05T01-36-37_868-jvmRun1 surefire-20240105013637998_1tmp surefire_0-20240105013637998_2tmp"/>
    <property name="jdk.debug" value="release"/>
    <property name="surefire.test.class.path" value="L:\CodeProjects\eclipse-java-ws\converter\target\test-classes;L:\CodeProjects\eclipse-java-ws\converter\target\classes;C:\Users\lesly\.m2\repository\io\github\linuxforhealth\hl7v2-fhir-converter\1.0.10\hl7v2-fhir-converter-1.0.10.jar;C:\Users\lesly\.m2\repository\org\apache\commons\commons-math3\3.6.1\commons-math3-3.6.1.jar;C:\Users\lesly\.m2\repository\com\fasterxml\jackson\core\jackson-databind\2.10.1\jackson-databind-2.10.1.jar;C:\Users\lesly\.m2\repository\com\fasterxml\jackson\core\jackson-annotations\2.10.1\jackson-annotations-2.10.1.jar;C:\Users\lesly\.m2\repository\com\fasterxml\jackson\core\jackson-core\2.10.1\jackson-core-2.10.1.jar;C:\Users\lesly\.m2\repository\com\google\guava\guava\23.0\guava-23.0.jar;C:\Users\lesly\.m2\repository\com\google\code\findbugs\jsr305\1.3.9\jsr305-1.3.9.jar;C:\Users\lesly\.m2\repository\com\google\errorprone\error_prone_annotations\2.0.18\error_prone_annotations-2.0.18.jar;C:\Users\lesly\.m2\repository\com\google\j2objc\j2objc-annotations\1.1\j2objc-annotations-1.1.jar;C:\Users\lesly\.m2\repository\org\codehaus\mojo\animal-sniffer-annotations\1.14\animal-sniffer-annotations-1.14.jar;C:\Users\lesly\.m2\repository\commons-io\commons-io\2.6\commons-io-2.6.jar;C:\Users\lesly\.m2\repository\ca\uhn\hapi\hapi-base\2.3\hapi-base-2.3.jar;C:\Users\lesly\.m2\repository\org\slf4j\slf4j-api\1.7.10\slf4j-api-1.7.10.jar;C:\Users\lesly\.m2\repository\joda-time\joda-time\2.1\joda-time-2.1.jar;C:\Users\lesly\.m2\repository\ca\uhn\hapi\hapi-structures-v26\2.3\hapi-structures-v26-2.3.jar;C:\Users\lesly\.m2\repository\com\fasterxml\jackson\datatype\jackson-datatype-jsr310\2.10.1\jackson-datatype-jsr310-2.10.1.jar;C:\Users\lesly\.m2\repository\com\fasterxml\jackson\datatype\jackson-datatype-jdk8\2.10.1\jackson-datatype-jdk8-2.10.1.jar;C:\Users\lesly\.m2\repository\com\fasterxml\jackson\dataformat\jackson-dataformat-yaml\2.10.1\jackson-dataformat-yaml-2.10.1.jar;C:\Users\lesly\.m2\repository\org\yaml\snakeyaml\1.24\snakeyaml-1.24.jar;C:\Users\lesly\.m2\repository\org\apache\commons\commons-text\1.8\commons-text-1.8.jar;C:\Users\lesly\.m2\repository\org\apache\commons\commons-lang3\3.9\commons-lang3-3.9.jar;C:\Users\lesly\.m2\repository\ca\uhn\hapi\fhir\hapi-fhir-structures-r4\5.1.0\hapi-fhir-structures-r4-5.1.0.jar;C:\Users\lesly\.m2\repository\ca\uhn\hapi\fhir\hapi-fhir-base\5.1.0\hapi-fhir-base-5.1.0.jar;C:\Users\lesly\.m2\repository\commons-codec\commons-codec\1.12\commons-codec-1.12.jar;C:\Users\lesly\.m2\repository\org\slf4j\jcl-over-slf4j\1.7.28\jcl-over-slf4j-1.7.28.jar;C:\Users\lesly\.m2\repository\ca\uhn\hapi\fhir\org.hl7.fhir.utilities\5.1.0\org.hl7.fhir.utilities-5.1.0.jar;C:\Users\lesly\.m2\repository\ca\uhn\hapi\fhir\org.hl7.fhir.r4\5.1.0\org.hl7.fhir.r4-5.1.0.jar;C:\Users\lesly\.m2\repository\ca\uhn\hapi\fhir\hapi-fhir-structures-r5\5.1.0\hapi-fhir-structures-r5-5.1.0.jar;C:\Users\lesly\.m2\repository\ca\uhn\hapi\fhir\org.hl7.fhir.r5\5.1.0\org.hl7.fhir.r5-5.1.0.jar;C:\Users\lesly\.m2\repository\ca\uhn\hapi\fhir\hapi-fhir-validation\5.1.0\hapi-fhir-validation-5.1.0.jar;C:\Users\lesly\.m2\repository\ca\uhn\hapi\fhir\hapi-fhir-converter\5.1.0\hapi-fhir-converter-5.1.0.jar;C:\Users\lesly\.m2\repository\ca\uhn\hapi\fhir\org.hl7.fhir.convertors\5.1.0\org.hl7.fhir.convertors-5.1.0.jar;C:\Users\lesly\.m2\repository\net\sf\saxon\Saxon-HE\9.5.1-5\Saxon-HE-9.5.1-5.jar;C:\Users\lesly\.m2\repository\ca\uhn\hapi\fhir\org.hl7.fhir.validation\5.1.0\org.hl7.fhir.validation-5.1.0.jar;C:\Users\lesly\.m2\repository\ca\uhn\hapi\fhir\org.hl7.fhir.dstu2\5.1.0\org.hl7.fhir.dstu2-5.1.0.jar;C:\Users\lesly\.m2\repository\ca\uhn\hapi\fhir\org.hl7.fhir.dstu2016may\5.1.0\org.hl7.fhir.dstu2016may-5.1.0.jar;C:\Users\lesly\.m2\repository\ca\uhn\hapi\fhir\org.hl7.fhir.dstu3\5.1.0\org.hl7.fhir.dstu3-5.1.0.jar;C:\Users\lesly\.m2\repository\xpp3\xpp3\1.1.4c\xpp3-1.1.4c.jar;C:\Users\lesly\.m2\repository\xpp3\xpp3_xpath\1.1.4c\xpp3_xpath-1.1.4c.jar;C:\Users\lesly\.m2\repository\org\apache\commons\commons-compress\1.20\commons-compress-1.20.jar;C:\Users\lesly\.m2\repository\org\fhir\ucum\1.0.2\ucum-1.0.2.jar;C:\Users\lesly\.m2\repository\org\thymeleaf\thymeleaf\3.0.9.RELEASE\thymeleaf-3.0.9.RELEASE.jar;C:\Users\lesly\.m2\repository\ognl\ognl\3.1.12\ognl-3.1.12.jar;C:\Users\lesly\.m2\repository\org\javassist\javassist\3.20.0-GA\javassist-3.20.0-GA.jar;C:\Users\lesly\.m2\repository\org\attoparser\attoparser\2.0.4.RELEASE\attoparser-2.0.4.RELEASE.jar;C:\Users\lesly\.m2\repository\org\unbescape\unbescape\1.1.5.RELEASE\unbescape-1.1.5.RELEASE.jar;C:\Users\lesly\.m2\repository\com\github\ben-manes\caffeine\caffeine\2.7.0\caffeine-2.7.0.jar;C:\Users\lesly\.m2\repository\org\checkerframework\checker-qual\2.6.0\checker-qual-2.6.0.jar;C:\Users\lesly\.m2\repository\com\google\code\gson\gson\2.8.5\gson-2.8.5.jar;C:\Users\lesly\.m2\repository\org\apache\httpcomponents\httpclient\4.5.12\httpclient-4.5.12.jar;C:\Users\lesly\.m2\repository\org\apache\httpcomponents\httpcore\4.4.13\httpcore-4.4.13.jar;C:\Users\lesly\.m2\repository\ca\uhn\hapi\fhir\hapi-fhir-validation-resources-r4\5.1.0\hapi-fhir-validation-resources-r4-5.1.0.jar;C:\Users\lesly\.m2\repository\org\apache\commons\commons-jexl3\3.1\commons-jexl3-3.1.jar;C:\Users\lesly\.m2\repository\commons-logging\commons-logging\1.2\commons-logging-1.2.jar;C:\Users\lesly\.m2\repository\org\apache\commons\commons-configuration2\2.7\commons-configuration2-2.7.jar;C:\Users\lesly\.m2\repository\org\apache\commons\commons-collections4\4.4\commons-collections4-4.4.jar;C:\Users\lesly\.m2\repository\com\ibm\fhir\fhir-registry\4.9.0\fhir-registry-4.9.0.jar;C:\Users\lesly\.m2\repository\com\ibm\fhir\fhir-model\4.9.0\fhir-model-4.9.0.jar;C:\Users\lesly\.m2\repository\org\antlr\antlr4-runtime\4.9.1\antlr4-runtime-4.9.1.jar;C:\Users\lesly\.m2\repository\com\github\stephenc\jcip\jcip-annotations\1.0-1\jcip-annotations-1.0-1.jar;C:\Users\lesly\.m2\repository\org\owasp\encoder\encoder\1.2.3\encoder-1.2.3.jar;C:\Users\lesly\.m2\repository\com\ibm\fhir\fhir-core\4.9.0\fhir-core-4.9.0.jar;C:\Users\lesly\.m2\repository\org\glassfish\jakarta.json\2.0.1\jakarta.json-2.0.1.jar;C:\Users\lesly\.m2\repository\jakarta\annotation\jakarta.annotation-api\1.3.5\jakarta.annotation-api-1.3.5.jar;C:\Users\lesly\.m2\repository\com\ibm\fhir\fhir-term\4.9.0\fhir-term-4.9.0.jar;C:\Users\lesly\.m2\repository\com\ibm\fhir\fhir-cache\4.9.0\fhir-cache-4.9.0.jar;C:\Users\lesly\.m2\repository\commons-beanutils\commons-beanutils\1.9.4\commons-beanutils-1.9.4.jar;C:\Users\lesly\.m2\repository\commons-collections\commons-collections\3.2.2\commons-collections-3.2.2.jar;C:\Users\lesly\.m2\repository\junit\junit\3.8.1\junit-3.8.1.jar;C:\Users\lesly\.m2\repository\com\amazonaws\aws-lambda-java-core\1.2.1\aws-lambda-java-core-1.2.1.jar;"/>
    <property name="sun.cpu.endian" value="little"/>
    <property name="user.home" value="C:\Users\lesly"/>
    <property name="user.language" value="en"/>
    <property name="java.specification.vendor" value="Oracle Corporation"/>
    <property name="java.version.date" value="2023-10-17"/>
    <property name="java.home" value="C:\Program Files\Java\jdk-17"/>
    <property name="file.separator" value="\"/>
    <property name="basedir" value="L:\CodeProjects\eclipse-java-ws\converter"/>
    <property name="java.vm.compressedOopsMode" value="Zero based"/>
    <property name="line.separator" value="&#10;"/>
    <property name="java.vm.specification.vendor" value="Oracle Corporation"/>
    <property name="java.specification.name" value="Java Platform API Specification"/>
    <property name="surefire.real.class.path" value="C:\Users\lesly\AppData\Local\Temp\surefire6569391616479752392\surefirebooter-20240105013637998_3.jar"/>
    <property name="user.script" value=""/>
    <property name="sun.management.compiler" value="HotSpot 64-Bit Tiered Compilers"/>
    <property name="java.runtime.version" value="17.0.9+11-LTS-201"/>
    <property name="user.name" value="lesly"/>
    <property name="path.separator" value=";"/>
    <property name="os.version" value="10.0"/>
    <property name="java.runtime.name" value="Java(TM) SE Runtime Environment"/>
    <property name="file.encoding" value="Cp1252"/>
    <property name="java.vm.name" value="Java HotSpot(TM) 64-Bit Server VM"/>
    <property name="localRepository" value="C:\Users\lesly\.m2\repository"/>
    <property name="java.vendor.url.bug" value="https://bugreport.java.com/bugreport/"/>
    <property name="java.io.tmpdir" value="C:\Users\lesly\AppData\Local\Temp\"/>
    <property name="java.version" value="17.0.9"/>
    <property name="user.dir" value="L:\CodeProjects\eclipse-java-ws\converter"/>
    <property name="os.arch" value="amd64"/>
    <property name="java.vm.specification.name" value="Java Virtual Machine Specification"/>
    <property name="sun.os.patch.level" value=""/>
    <property name="native.encoding" value="Cp1252"/>
    <property name="java.library.path" value="C:\Program Files\Java\jdk-17\bin;C:\WINDOWS\Sun\Java\bin;C:\WINDOWS\system32;C:\WINDOWS;C:\Ruby32-x64\bin;C:\Program Files\Common Files\Oracle\Java\javapath;C:\Program Files (x86)\Common Files\Intel\Shared Libraries\redist\intel64\compiler;C:\Program Files (x86)\Razer Chroma SDK\bin;C:\Program Files\Razer Chroma SDK\bin;C:\Program Files (x86)\Razer\ChromaBroadcast\bin;C:\Program Files\Razer\ChromaBroadcast\bin;C:\Program Files\Oculus\Support\oculus-runtime;C:\Program Files (x86)\VMware\VMware Player\bin\;C:\Users\lesly\Desktop\mongoose\bin;C:\Users\lesly\Documents\db\bin;C:\Windows\system32;C:\Windows;C:\Windows\System32\Wbem;C:\Windows\System32\WindowsPowerShell\v1.0\;C:\Windows\System32\OpenSSH\;C:\Program Files (x86)\NVIDIA Corporation\PhysX\Common;C:\Program Files (x86)\AMD\ATI.ACE\Core-Static;C:\Program Files\Microsoft SQL Server\150\Tools\Binn\;C:\Program Files\Microsoft SQL Server\Client SDK\ODBC\170\Tools\Binn\;C:\Program Files\dotnet\;C:\Users\lesly\Desktop\mongoose\mongosh-1.3.1-win32-x64\bin;C:\Program Files\Microsoft SQL Server\130\Tools\Binn\;C:\Program Files (x86)\dotnet\;C:\Program Files\PuTTY\;C:\Program Files\Git\cmd;C:\Program Files (x86)\Yarn\bin\;C:\Windows\system32\config\systemprofile\AppData\Local\Microsoft\WindowsApps;;C:\WINDOWS\system32;C:\WINDOWS;C:\WINDOWS\System32\Wbem;C:\WINDOWS\System32\WindowsPowerShell\v1.0\;C:\WINDOWS\System32\OpenSSH\;C:\Program Files\nodejs\;C:\Program Files\GitHub CLI\;C:\Program Files\Amazon\AWSSAMCLI\bin\;C:\Program Files\Docker\Docker\resources\bin;C:\Program Files\MySQL\MySQL Shell 8.0\bin\;C:\Users\lesly\Desktop\mongoose\bin;C:\Users\lesly\AppData\Local\Microsoft\WindowsApps;C:\Users\lesly\.dotnet\tools;C:\Users\lesly\AppData\Local\Programs\Microsoft VS Code\bin;C:\Users\lesly\AppData\Local\GitHubDesktop\bin;C:\Program Files (x86)\Atmel\Flip 3.4.7\bin;C:\msys64\mingw64\bin;C:\Users\lesly\AppData\Local\Yarn\bin;L:\Programs\Flutter\flutter\bin;C:\Users\lesly\AppData\Local\Android\Sdk\cmdline-tools\latest\bin;C:\Users\lesly\AppData\Roaming\npm;C:\Users\lesly\AppData\Local\Programs\Python\Python311\Scripts;C:\Users\lesly\AppData\Local\Programs\Python\Python311;C:\Program Files\Java\jdk-17\bin;C:\Program Files\apache-maven-3.9.5\bin;C:\Gradle\gradle-8.5\bin;;."/>
    <property name="java.vm.info" value="mixed mode, sharing"/>
    <property name="java.vendor" value="Oracle Corporation"/>
    <property name="java.vm.version" value="17.0.9+11-LTS-201"/>
    <property name="sun.io.unicode.encoding" value="UnicodeLittle"/>
    <property name="java.class.version" value="61.0"/>
  </properties>
  <testcase name="testApp" classname="v2tofhir.converter.AppTest" time="0.001"/>
</testsuite>